2026-01-22 14:05:57,043 - INFO - Alert triggered: MEDIUM SEVERITY: Unusual activity detected for user alice
2026-01-22 14:06:09,138 - INFO - Alert triggered: MEDIUM SEVERITY: Unusual activity detected for user alice
2026-01-22 14:06:09,139 - INFO - Alert triggered: MEDIUM SEVERITY: Unusual activity detected for user alice
2026-01-22 14:06:09,140 - INFO - Alert triggered: MEDIUM SEVERITY: Unusual activity detected for user alice
2026-01-22 14:06:09,142 - INFO - Alert triggered: MEDIUM SEVERITY: Unusual activity detected for user alice
2026-01-22 14:06:09,143 - INFO - Alert triggered: MEDIUM SEVERITY: Unusual activity detected for user alice
2026-01-22 14:06:09,144 - INFO - Alert triggered: MEDIUM SEVERITY: Unusual activity detected for user alice
2026-01-22 14:06:09,145 - INFO - Alert triggered: MEDIUM SEVERITY: Unusual activity detected for user alice
2026-01-22 14:06:09,146 - INFO - Alert triggered: MEDIUM SEVERITY: Unusual activity detected for user alice
2026-01-22 14:06:09,147 - INFO - Alert triggered: MEDIUM SEVERITY: Unusual activity detected for user charlie
2026-01-22 14:06:09,149 - INFO - Alert triggered: MEDIUM SEVERITY: Unusual activity detected for user charlie
2026-01-22 14:06:09,150 - INFO - Alert triggered: MEDIUM SEVERITY: Unusual activity detected for user charlie
2026-01-22 14:06:09,151 - INFO - Alert triggered: MEDIUM SEVERITY: Unusual activity detected for user charlie
2026-01-22 14:06:09,153 - INFO - Alert triggered: MEDIUM SEVERITY: Unusual activity detected for user charlie
2026-01-22 14:06:09,154 - INFO - Alert triggered: MEDIUM SEVERITY: Unusual activity detected for user charlie
2026-01-22 14:06:09,155 - INFO - Alert triggered: MEDIUM SEVERITY: Unusual activity detected for user charlie
2026-01-22 14:06:09,157 - INFO - Alert triggered: MEDIUM SEVERITY: Unusual activity detected for user charlie
2026-01-22 14:06:09,158 - INFO - Alert triggered: MEDIUM SEVERITY: Unusual activity detected for user charlie
2026-01-22 14:06:09,159 - INFO - Alert triggered: MEDIUM SEVERITY: Unusual activity detected for user charlie
2026-01-22 14:06:09,161 - INFO - Alert triggered: MEDIUM SEVERITY: Unusual activity detected for user eve
2026-01-22 14:06:09,162 - INFO - Alert triggered: MEDIUM SEVERITY: Unusual activity detected for user eve
2026-01-22 14:06:09,163 - INFO - Alert triggered: MEDIUM SEVERITY: Unusual activity detected for user bob
2026-01-22 14:06:09,164 - INFO - Alert triggered: MEDIUM SEVERITY: Unusual activity detected for user bob
2026-01-22 14:06:09,165 - INFO - Alert triggered: MEDIUM SEVERITY: Unusual activity detected for user bob
2026-01-22 14:06:09,167 - INFO - Alert triggered: MEDIUM SEVERITY: Unusual activity detected for user bob
2026-01-22 14:06:09,168 - INFO - Alert triggered: MEDIUM SEVERITY: Unusual activity detected for user bob
2026-01-22 14:06:09,169 - INFO - Alert triggered: MEDIUM SEVERITY: Unusual activity detected for user bob
2026-01-22 14:06:09,170 - INFO - Alert triggered: MEDIUM SEVERITY: Unusual activity detected for user bob
2026-01-22 14:06:09,171 - INFO - Alert triggered: MEDIUM SEVERITY: Unusual activity detected for user bob
2026-01-22 14:06:09,172 - INFO - Alert triggered: MEDIUM SEVERITY: Unusual activity detected for user bob
2026-01-22 14:06:09,173 - INFO - Alert triggered: MEDIUM SEVERITY: Unusual activity detected for user bob
2026-01-22 14:06:09,174 - INFO - Alert triggered: MEDIUM SEVERITY: Unusual activity detected for user bob
2026-01-22 14:06:09,175 - INFO - Alert triggered: MEDIUM SEVERITY: Unusual activity detected for user bob
2026-01-22 14:06:09,176 - INFO - Alert triggered: MEDIUM SEVERITY: Unusual activity detected for user bob
2026-01-22 14:06:09,177 - INFO - Alert triggered: MEDIUM SEVERITY: Unusual activity detected for user bob
2026-01-22 14:06:09,178 - INFO - Alert triggered: MEDIUM SEVERITY: Unusual activity detected for user bob
2026-01-22 14:06:09,180 - INFO - Alert triggered: MEDIUM SEVERITY: Unusual activity detected for user bob
2026-01-22 14:06:09,182 - INFO - Alert triggered: MEDIUM SEVERITY: Unusual activity detected for user diana
2026-01-22 14:06:09,183 - INFO - Alert triggered: MEDIUM SEVERITY: Unusual activity detected for user diana
2026-01-22 14:06:09,184 - INFO - Alert triggered: MEDIUM SEVERITY: Unusual activity detected for user diana
2026-01-22 14:06:09,185 - INFO - Alert triggered: MEDIUM SEVERITY: Unusual activity detected for user diana
2026-01-22 14:06:09,186 - INFO - Alert triggered: MEDIUM SEVERITY: Unusual activity detected for user diana
2026-01-22 14:06:09,188 - INFO - Alert triggered: MEDIUM SEVERITY: Unusual activity detected for user diana
2026-01-22 14:06:09,189 - INFO - Alert triggered: MEDIUM SEVERITY: Unusual activity detected for user diana
2026-01-22 14:06:09,190 - INFO - Alert triggered: MEDIUM SEVERITY: Unusual activity detected for user diana
2026-01-22 14:06:09,191 - INFO - Alert triggered: MEDIUM SEVERITY: Unusual activity detected for user diana
2026-01-22 14:06:09,192 - INFO - Alert triggered: MEDIUM SEVERITY: Unusual activity detected for user diana
2026-01-22 14:06:09,193 - INFO - Alert triggered: MEDIUM SEVERITY: Unusual activity detected for user diana
2026-01-22 14:06:09,195 - INFO - Alert triggered: MEDIUM SEVERITY: Unusual activity detected for user diana
2026-01-22 14:06:09,196 - INFO - Alert triggered: MEDIUM SEVERITY: Unusual activity detected for user diana
2026-01-22 14:06:09,197 - INFO - Alert triggered: MEDIUM SEVERITY: Unusual activity detected for user diana
2026-01-22 14:06:09,198 - INFO - Alert triggered: MEDIUM SEVERITY: Unusual activity detected for user diana
2026-01-22 14:06:09,200 - INFO - Alert triggered: MEDIUM SEVERITY: Unusual activity detected for user diana
2026-01-22 14:06:09,201 - INFO - Alert triggered: MEDIUM SEVERITY: Unusual activity detected for user diana
2026-01-22 14:06:09,202 - INFO - Alert triggered: MEDIUM SEVERITY: Unusual activity detected for user diana
2026-01-22 14:06:09,203 - INFO - Alert triggered: MEDIUM SEVERITY: Unusual activity detected for user diana
2026-01-22 14:06:55,666 - INFO - Alert triggered: MEDIUM SEVERITY: Unusual activity detected for user invalid
2026-01-22 14:06:55,668 - INFO - Alert triggered: MEDIUM SEVERITY: Unusual activity detected for user admin
2026-01-22 14:06:55,669 - INFO - Alert triggered: MEDIUM SEVERITY: Unusual activity detected for user bob
2026-01-22 14:06:55,671 - INFO - Alert triggered: MEDIUM SEVERITY: Unusual activity detected for user user
2026-01-22 14:06:55,672 - INFO - Alert triggered: MEDIUM SEVERITY: Unusual activity detected for user bob
2026-01-22 14:06:55,673 - INFO - Alert triggered: MEDIUM SEVERITY: Unusual activity detected for user invalid
2026-01-22 14:36:49,887 - INFO - Alert triggered: MEDIUM SEVERITY: Unusual activity detected for user alice
2026-01-22 14:36:49,889 - INFO - Alert triggered: MEDIUM SEVERITY: Unusual activity detected for user alice
2026-01-22 14:36:49,891 - INFO - Alert triggered: MEDIUM SEVERITY: Unusual activity detected for user alice
2026-01-22 14:36:49,892 - INFO - Alert triggered: MEDIUM SEVERITY: Unusual activity detected for user alice
2026-01-22 14:36:49,893 - INFO - Alert triggered: MEDIUM SEVERITY: Unusual activity detected for user alice
2026-01-22 14:36:49,894 - INFO - Alert triggered: MEDIUM SEVERITY: Unusual activity detected for user alice
2026-01-22 14:36:49,896 - INFO - Alert triggered: MEDIUM SEVERITY: Unusual activity detected for user alice
2026-01-22 14:36:49,897 - INFO - Alert triggered: MEDIUM SEVERITY: Unusual activity detected for user alice
2026-01-22 14:36:49,898 - INFO - Alert triggered: MEDIUM SEVERITY: Unusual activity detected for user charlie
2026-01-22 14:36:49,899 - INFO - Alert triggered: MEDIUM SEVERITY: Unusual activity detected for user charlie
2026-01-22 14:36:49,900 - INFO - Alert triggered: MEDIUM SEVERITY: Unusual activity detected for user charlie
2026-01-22 14:36:49,902 - INFO - Alert triggered: MEDIUM SEVERITY: Unusual activity detected for user charlie
2026-01-22 14:36:49,903 - INFO - Alert triggered: MEDIUM SEVERITY: Unusual activity detected for user charlie
2026-01-22 14:36:49,905 - INFO - Alert triggered: MEDIUM SEVERITY: Unusual activity detected for user charlie
2026-01-22 14:36:49,906 - INFO - Alert triggered: MEDIUM SEVERITY: Unusual activity detected for user charlie
2026-01-22 14:36:49,907 - INFO - Alert triggered: MEDIUM SEVERITY: Unusual activity detected for user charlie
2026-01-22 14:36:49,909 - INFO - Alert triggered: MEDIUM SEVERITY: Unusual activity detected for user charlie
2026-01-22 14:36:49,910 - INFO - Alert triggered: MEDIUM SEVERITY: Unusual activity detected for user charlie
2026-01-22 14:36:49,911 - INFO - Alert triggered: MEDIUM SEVERITY: Unusual activity detected for user eve
2026-01-22 14:36:49,912 - INFO - Alert triggered: MEDIUM SEVERITY: Unusual activity detected for user eve
2026-01-22 14:36:49,913 - INFO - Alert triggered: MEDIUM SEVERITY: Unusual activity detected for user bob
2026-01-22 14:36:49,915 - INFO - Alert triggered: MEDIUM SEVERITY: Unusual activity detected for user bob
2026-01-22 14:36:49,916 - INFO - Alert triggered: MEDIUM SEVERITY: Unusual activity detected for user bob
2026-01-22 14:36:49,917 - INFO - Alert triggered: MEDIUM SEVERITY: Unusual activity detected for user bob
2026-01-22 14:36:49,918 - INFO - Alert triggered: MEDIUM SEVERITY: Unusual activity detected for user bob
2026-01-22 14:36:49,919 - INFO - Alert triggered: MEDIUM SEVERITY: Unusual activity detected for user bob
2026-01-22 14:36:49,921 - INFO - Alert triggered: MEDIUM SEVERITY: Unusual activity detected for user bob
2026-01-22 14:36:49,922 - INFO - Alert triggered: MEDIUM SEVERITY: Unusual activity detected for user bob
2026-01-22 14:36:49,923 - INFO - Alert triggered: MEDIUM SEVERITY: Unusual activity detected for user bob
2026-01-22 14:36:49,924 - INFO - Alert triggered: MEDIUM SEVERITY: Unusual activity detected for user bob
2026-01-22 14:36:49,925 - INFO - Alert triggered: MEDIUM SEVERITY: Unusual activity detected for user bob
2026-01-22 14:36:49,926 - INFO - Alert triggered: MEDIUM SEVERITY: Unusual activity detected for user bob
2026-01-22 14:36:49,927 - INFO - Alert triggered: MEDIUM SEVERITY: Unusual activity detected for user bob
2026-01-22 14:36:49,929 - INFO - Alert triggered: MEDIUM SEVERITY: Unusual activity detected for user bob
2026-01-22 14:36:49,930 - INFO - Alert triggered: MEDIUM SEVERITY: Unusual activity detected for user bob
2026-01-22 14:36:49,931 - INFO - Alert triggered: MEDIUM SEVERITY: Unusual activity detected for user bob
2026-01-22 14:36:49,932 - INFO - Alert triggered: MEDIUM SEVERITY: Unusual activity detected for user diana
2026-01-22 14:36:49,933 - INFO - Alert triggered: MEDIUM SEVERITY: Unusual activity detected for user diana
2026-01-22 14:36:49,935 - INFO - Alert triggered: MEDIUM SEVERITY: Unusual activity detected for user diana
2026-01-22 14:36:49,936 - INFO - Alert triggered: MEDIUM SEVERITY: Unusual activity detected for user diana
2026-01-22 14:36:49,938 - INFO - Alert triggered: MEDIUM SEVERITY: Unusual activity detected for user diana
2026-01-22 14:36:49,939 - INFO - Alert triggered: MEDIUM SEVERITY: Unusual activity detected for user diana
2026-01-22 14:36:49,940 - INFO - Alert triggered: MEDIUM SEVERITY: Unusual activity detected for user diana
2026-01-22 14:36:49,941 - INFO - Alert triggered: MEDIUM SEVERITY: Unusual activity detected for user diana
2026-01-22 14:36:49,942 - INFO - Alert triggered: MEDIUM SEVERITY: Unusual activity detected for user diana
2026-01-22 14:36:49,943 - INFO - Alert triggered: MEDIUM SEVERITY: Unusual activity detected for user diana
2026-01-22 14:36:49,944 - INFO - Alert triggered: MEDIUM SEVERITY: Unusual activity detected for user diana
2026-01-22 14:36:49,946 - INFO - Alert triggered: MEDIUM SEVERITY: Unusual activity detected for user diana
2026-01-22 14:36:49,947 - INFO - Alert triggered: MEDIUM SEVERITY: Unusual activity detected for user diana
2026-01-22 14:36:49,948 - INFO - Alert triggered: MEDIUM SEVERITY: Unusual activity detected for user diana
2026-01-22 14:36:49,949 - INFO - Alert triggered: MEDIUM SEVERITY: Unusual activity detected for user diana
2026-01-22 14:36:49,950 - INFO - Alert triggered: MEDIUM SEVERITY: Unusual activity detected for user diana
2026-01-22 14:36:49,951 - INFO - Alert triggered: MEDIUM SEVERITY: Unusual activity detected for user diana
2026-01-22 14:36:49,952 - INFO - Alert triggered: MEDIUM SEVERITY: Unusual activity detected for user diana
2026-01-22 14:36:49,953 - INFO - Alert triggered: MEDIUM SEVERITY: Unusual activity detected for user diana
2026-01-22 14:37:05,096 - INFO - Alert triggered: MEDIUM SEVERITY: Unusual activity detected for user alice
2026-01-22 14:37:05,098 - INFO - Alert triggered: MEDIUM SEVERITY: Unusual activity detected for user alice
2026-01-22 14:37:05,100 - INFO - Alert triggered: MEDIUM SEVERITY: Unusual activity detected for user alice
2026-01-22 14:37:05,101 - INFO - Alert triggered: MEDIUM SEVERITY: Unusual activity detected for user alice
2026-01-22 14:37:05,102 - INFO - Alert triggered: MEDIUM SEVERITY: Unusual activity detected for user alice
2026-01-22 14:37:05,103 - INFO - Alert triggered: MEDIUM SEVERITY: Unusual activity detected for user alice
2026-01-22 14:37:05,104 - INFO - Alert triggered: MEDIUM SEVERITY: Unusual activity detected for user alice
2026-01-22 14:37:05,106 - INFO - Alert triggered: MEDIUM SEVERITY: Unusual activity detected for user alice
2026-01-22 14:37:05,107 - INFO - Alert triggered: MEDIUM SEVERITY: Unusual activity detected for user charlie
2026-01-22 14:37:05,108 - INFO - Alert triggered: MEDIUM SEVERITY: Unusual activity detected for user charlie
2026-01-22 14:37:05,109 - INFO - Alert triggered: MEDIUM SEVERITY: Unusual activity detected for user charlie
2026-01-22 14:37:05,112 - INFO - Alert triggered: MEDIUM SEVERITY: Unusual activity detected for user charlie
2026-01-22 14:37:05,113 - INFO - Alert triggered: MEDIUM SEVERITY: Unusual activity detected for user charlie
2026-01-22 14:37:05,115 - INFO - Alert triggered: MEDIUM SEVERITY: Unusual activity detected for user charlie
2026-01-22 14:37:05,116 - INFO - Alert triggered: MEDIUM SEVERITY: Unusual activity detected for user charlie
2026-01-22 14:37:05,117 - INFO - Alert triggered: MEDIUM SEVERITY: Unusual activity detected for user charlie
2026-01-22 14:37:05,118 - INFO - Alert triggered: MEDIUM SEVERITY: Unusual activity detected for user charlie
2026-01-22 14:37:05,120 - INFO - Alert triggered: MEDIUM SEVERITY: Unusual activity detected for user charlie
2026-01-22 14:37:05,121 - INFO - Alert triggered: MEDIUM SEVERITY: Unusual activity detected for user eve
2026-01-22 14:37:05,122 - INFO - Alert triggered: MEDIUM SEVERITY: Unusual activity detected for user eve
2026-01-22 14:37:05,123 - INFO - Alert triggered: MEDIUM SEVERITY: Unusual activity detected for user bob
2026-01-22 14:37:05,124 - INFO - Alert triggered: MEDIUM SEVERITY: Unusual activity detected for user bob
2026-01-22 14:37:05,126 - INFO - Alert triggered: MEDIUM SEVERITY: Unusual activity detected for user bob
2026-01-22 14:37:05,128 - INFO - Alert triggered: MEDIUM SEVERITY: Unusual activity detected for user bob
2026-01-22 14:37:05,129 - INFO - Alert triggered: MEDIUM SEVERITY: Unusual activity detected for user bob
2026-01-22 14:37:05,130 - INFO - Alert triggered: MEDIUM SEVERITY: Unusual activity detected for user bob
2026-01-22 14:37:05,132 - INFO - Alert triggered: MEDIUM SEVERITY: Unusual activity detected for user bob
2026-01-22 14:37:05,133 - INFO - Alert triggered: MEDIUM SEVERITY: Unusual activity detected for user bob
2026-01-22 14:37:05,134 - INFO - Alert triggered: MEDIUM SEVERITY: Unusual activity detected for user bob
2026-01-22 14:37:05,135 - INFO - Alert triggered: MEDIUM SEVERITY: Unusual activity detected for user bob
2026-01-22 14:37:05,137 - INFO - Alert triggered: MEDIUM SEVERITY: Unusual activity detected for user bob
2026-01-22 14:37:05,138 - INFO - Alert triggered: MEDIUM SEVERITY: Unusual activity detected for user bob
2026-01-22 14:37:05,139 - INFO - Alert triggered: MEDIUM SEVERITY: Unusual activity detected for user bob
2026-01-22 14:37:05,140 - INFO - Alert triggered: MEDIUM SEVERITY: Unusual activity detected for user bob
2026-01-22 14:37:05,142 - INFO - Alert triggered: MEDIUM SEVERITY: Unusual activity detected for user bob
2026-01-22 14:37:05,143 - INFO - Alert triggered: MEDIUM SEVERITY: Unusual activity detected for user bob
2026-01-22 14:37:05,144 - INFO - Alert triggered: MEDIUM SEVERITY: Unusual activity detected for user diana
2026-01-22 14:37:05,145 - INFO - Alert triggered: MEDIUM SEVERITY: Unusual activity detected for user diana
2026-01-22 14:37:05,146 - INFO - Alert triggered: MEDIUM SEVERITY: Unusual activity detected for user diana
2026-01-22 14:37:05,148 - INFO - Alert triggered: MEDIUM SEVERITY: Unusual activity detected for user diana
2026-01-22 14:37:05,149 - INFO - Alert triggered: MEDIUM SEVERITY: Unusual activity detected for user diana
2026-01-22 14:37:05,150 - INFO - Alert triggered: MEDIUM SEVERITY: Unusual activity detected for user diana
2026-01-22 14:37:05,152 - INFO - Alert triggered: MEDIUM SEVERITY: Unusual activity detected for user diana
2026-01-22 14:37:05,153 - INFO - Alert triggered: MEDIUM SEVERITY: Unusual activity detected for user diana
2026-01-22 14:37:05,154 - INFO - Alert triggered: MEDIUM SEVERITY: Unusual activity detected for user diana
2026-01-22 14:37:05,156 - INFO - Alert triggered: MEDIUM SEVERITY: Unusual activity detected for user diana
2026-01-22 14:37:05,157 - INFO - Alert triggered: MEDIUM SEVERITY: Unusual activity detected for user diana
2026-01-22 14:37:05,158 - INFO - Alert triggered: MEDIUM SEVERITY: Unusual activity detected for user diana
2026-01-22 14:37:05,159 - INFO - Alert triggered: MEDIUM SEVERITY: Unusual activity detected for user diana
2026-01-22 14:37:05,160 - INFO - Alert triggered: MEDIUM SEVERITY: Unusual activity detected for user diana
2026-01-22 14:37:05,161 - INFO - Alert triggered: MEDIUM SEVERITY: Unusual activity detected for user diana
2026-01-22 14:37:05,162 - INFO - Alert triggered: MEDIUM SEVERITY: Unusual activity detected for user diana
2026-01-22 14:37:05,163 - INFO - Alert triggered: MEDIUM SEVERITY: Unusual activity detected for user diana
2026-01-22 14:37:05,165 - INFO - Alert triggered: MEDIUM SEVERITY: Unusual activity detected for user diana
2026-01-22 14:37:05,166 - INFO - Alert triggered: MEDIUM SEVERITY: Unusual activity detected for user diana
2026-01-22 14:47:12,316 - INFO - Alert triggered: MEDIUM SEVERITY: Unusual activity detected for user alice
2026-01-22 14:47:12,317 - INFO - Alert triggered: MEDIUM SEVERITY: Unusual activity detected for user alice
2026-01-22 14:47:12,319 - INFO - Alert triggered: MEDIUM SEVERITY: Unusual activity detected for user alice
2026-01-22 14:47:12,320 - INFO - Alert triggered: MEDIUM SEVERITY: Unusual activity detected for user alice
2026-01-22 14:47:12,322 - INFO - Alert triggered: MEDIUM SEVERITY: Unusual activity detected for user alice
2026-01-22 14:47:12,323 - INFO - Alert triggered: MEDIUM SEVERITY: Unusual activity detected for user alice
2026-01-22 14:47:12,324 - INFO - Alert triggered: MEDIUM SEVERITY: Unusual activity detected for user alice
2026-01-22 14:47:12,325 - INFO - Alert triggered: MEDIUM SEVERITY: Unusual activity detected for user alice
2026-01-22 14:47:12,327 - INFO - Alert triggered: MEDIUM SEVERITY: Unusual activity detected for user charlie
2026-01-22 14:47:12,328 - INFO - Alert triggered: MEDIUM SEVERITY: Unusual activity detected for user charlie
2026-01-22 14:47:12,329 - INFO - Alert triggered: MEDIUM SEVERITY: Unusual activity detected for user charlie
2026-01-22 14:47:12,330 - INFO - Alert triggered: MEDIUM SEVERITY: Unusual activity detected for user charlie
2026-01-22 14:47:12,332 - INFO - Alert triggered: MEDIUM SEVERITY: Unusual activity detected for user charlie
2026-01-22 14:47:12,333 - INFO - Alert triggered: MEDIUM SEVERITY: Unusual activity detected for user charlie
2026-01-22 14:47:12,334 - INFO - Alert triggered: MEDIUM SEVERITY: Unusual activity detected for user charlie
2026-01-22 14:47:12,335 - INFO - Alert triggered: MEDIUM SEVERITY: Unusual activity detected for user charlie
2026-01-22 14:47:12,336 - INFO - Alert triggered: MEDIUM SEVERITY: Unusual activity detected for user charlie
2026-01-22 14:47:12,337 - INFO - Alert triggered: MEDIUM SEVERITY: Unusual activity detected for user charlie
2026-01-22 14:47:12,338 - INFO - Alert triggered: MEDIUM SEVERITY: Unusual activity detected for user eve
2026-01-22 14:47:12,340 - INFO - Alert triggered: MEDIUM SEVERITY: Unusual activity detected for user eve
2026-01-22 14:47:12,341 - INFO - Alert triggered: MEDIUM SEVERITY: Unusual activity detected for user bob
2026-01-22 14:47:12,342 - INFO - Alert triggered: MEDIUM SEVERITY: Unusual activity detected for user bob
2026-01-22 14:47:12,343 - INFO - Alert triggered: MEDIUM SEVERITY: Unusual activity detected for user bob
2026-01-22 14:47:12,344 - INFO - Alert triggered: MEDIUM SEVERITY: Unusual activity detected for user bob
2026-01-22 14:47:12,345 - INFO - Alert triggered: MEDIUM SEVERITY: Unusual activity detected for user bob
2026-01-22 14:47:12,346 - INFO - Alert triggered: MEDIUM SEVERITY: Unusual activity detected for user bob
2026-01-22 14:47:12,348 - INFO - Alert triggered: MEDIUM SEVERITY: Unusual activity detected for user bob
2026-01-22 14:47:12,349 - INFO - Alert triggered: MEDIUM SEVERITY: Unusual activity detected for user bob
2026-01-22 14:47:12,350 - INFO - Alert triggered: MEDIUM SEVERITY: Unusual activity detected for user bob
2026-01-22 14:47:12,351 - INFO - Alert triggered: MEDIUM SEVERITY: Unusual activity detected for user bob
2026-01-22 14:47:12,352 - INFO - Alert triggered: MEDIUM SEVERITY: Unusual activity detected for user bob
2026-01-22 14:47:12,353 - INFO - Alert triggered: MEDIUM SEVERITY: Unusual activity detected for user bob
2026-01-22 14:47:12,354 - INFO - Alert triggered: MEDIUM SEVERITY: Unusual activity detected for user bob
2026-01-22 14:47:12,355 - INFO - Alert triggered: MEDIUM SEVERITY: Unusual activity detected for user bob
2026-01-22 14:47:12,357 - INFO - Alert triggered: MEDIUM SEVERITY: Unusual activity detected for user bob
2026-01-22 14:47:12,358 - INFO - Alert triggered: MEDIUM SEVERITY: Unusual activity detected for user bob
2026-01-22 14:47:12,359 - INFO - Alert triggered: MEDIUM SEVERITY: Unusual activity detected for user diana
2026-01-22 14:47:12,360 - INFO - Alert triggered: MEDIUM SEVERITY: Unusual activity detected for user diana
2026-01-22 14:47:12,361 - INFO - Alert triggered: MEDIUM SEVERITY: Unusual activity detected for user diana
2026-01-22 14:47:12,363 - INFO - Alert triggered: MEDIUM SEVERITY: Unusual activity detected for user diana
2026-01-22 14:47:12,364 - INFO - Alert triggered: MEDIUM SEVERITY: Unusual activity detected for user diana
2026-01-22 14:47:12,365 - INFO - Alert triggered: MEDIUM SEVERITY: Unusual activity detected for user diana
2026-01-22 14:47:12,366 - INFO - Alert triggered: MEDIUM SEVERITY: Unusual activity detected for user diana
2026-01-22 14:47:12,367 - INFO - Alert triggered: MEDIUM SEVERITY: Unusual activity detected for user diana
2026-01-22 14:47:12,368 - INFO - Alert triggered: MEDIUM SEVERITY: Unusual activity detected for user diana
2026-01-22 14:47:12,369 - INFO - Alert triggered: MEDIUM SEVERITY: Unusual activity detected for user diana
2026-01-22 14:47:12,370 - INFO - Alert triggered: MEDIUM SEVERITY: Unusual activity detected for user diana
2026-01-22 14:47:12,371 - INFO - Alert triggered: MEDIUM SEVERITY: Unusual activity detected for user diana
2026-01-22 14:47:12,372 - INFO - Alert triggered: MEDIUM SEVERITY: Unusual activity detected for user diana
2026-01-22 14:47:12,374 - INFO - Alert triggered: MEDIUM SEVERITY: Unusual activity detected for user diana
2026-01-22 14:47:12,375 - INFO - Alert triggered: MEDIUM SEVERITY: Unusual activity detected for user diana
2026-01-22 14:47:12,376 - INFO - Alert triggered: MEDIUM SEVERITY: Unusual activity detected for user diana
2026-01-22 14:47:12,377 - INFO - Alert triggered: MEDIUM SEVERITY: Unusual activity detected for user diana
2026-01-22 14:47:12,379 - INFO - Alert triggered: MEDIUM SEVERITY: Unusual activity detected for user diana
2026-01-22 14:47:12,380 - INFO - Alert triggered: MEDIUM SEVERITY: Unusual activity detected for user diana
2026-01-22 17:24:23,792 - INFO - Alert triggered: MEDIUM SEVERITY: Unusual activity detected for user alice
2026-01-22 17:24:23,794 - INFO - Alert triggered: MEDIUM SEVERITY: Unusual activity detected for user alice
2026-01-22 17:24:23,796 - INFO - Alert triggered: MEDIUM SEVERITY: Unusual activity detected for user alice
2026-01-22 17:24:23,797 - INFO - Alert triggered: MEDIUM SEVERITY: Unusual activity detected for user alice
2026-01-22 17:24:23,798 - INFO - Alert triggered: MEDIUM SEVERITY: Unusual activity detected for user alice
2026-01-22 17:24:23,799 - INFO - Alert triggered: MEDIUM SEVERITY: Unusual activity detected for user alice
2026-01-22 17:24:23,800 - INFO - Alert triggered: MEDIUM SEVERITY: Unusual activity detected for user alice
2026-01-22 17:24:23,801 - INFO - Alert triggered: MEDIUM SEVERITY: Unusual activity detected for user alice
2026-01-22 17:24:23,802 - INFO - Alert triggered: MEDIUM SEVERITY: Unusual activity detected for user charlie
2026-01-22 17:24:23,803 - INFO - Alert triggered: MEDIUM SEVERITY: Unusual activity detected for user charlie
2026-01-22 17:24:23,805 - INFO - Alert triggered: MEDIUM SEVERITY: Unusual activity detected for user charlie
2026-01-22 17:24:23,806 - INFO - Alert triggered: MEDIUM SEVERITY: Unusual activity detected for user charlie
2026-01-22 17:24:23,807 - INFO - Alert triggered: MEDIUM SEVERITY: Unusual activity detected for user charlie
2026-01-22 17:24:23,808 - INFO - Alert triggered: MEDIUM SEVERITY: Unusual activity detected for user charlie
2026-01-22 17:24:23,809 - INFO - Alert triggered: MEDIUM SEVERITY: Unusual activity detected for user charlie
2026-01-22 17:24:23,811 - INFO - Alert triggered: MEDIUM SEVERITY: Unusual activity detected for user charlie
2026-01-22 17:24:23,812 - INFO - Alert triggered: MEDIUM SEVERITY: Unusual activity detected for user charlie
2026-01-22 17:24:23,813 - INFO - Alert triggered: MEDIUM SEVERITY: Unusual activity detected for user charlie
2026-01-22 17:24:23,814 - INFO - Alert triggered: MEDIUM SEVERITY: Unusual activity detected for user eve
2026-01-22 17:24:23,815 - INFO - Alert triggered: MEDIUM SEVERITY: Unusual activity detected for user eve
2026-01-22 17:24:23,817 - INFO - Alert triggered: MEDIUM SEVERITY: Unusual activity detected for user bob
2026-01-22 17:24:23,818 - INFO - Alert triggered: MEDIUM SEVERITY: Unusual activity detected for user bob
2026-01-22 17:24:23,819 - INFO - Alert triggered: MEDIUM SEVERITY: Unusual activity detected for user bob
2026-01-22 17:24:23,820 - INFO - Alert triggered: MEDIUM SEVERITY: Unusual activity detected for user bob
2026-01-22 17:24:23,821 - INFO - Alert triggered: MEDIUM SEVERITY: Unusual activity detected for user bob
2026-01-22 17:24:23,823 - INFO - Alert triggered: MEDIUM SEVERITY: Unusual activity detected for user bob
2026-01-22 17:24:23,824 - INFO - Alert triggered: MEDIUM SEVERITY: Unusual activity detected for user bob
2026-01-22 17:24:23,825 - INFO - Alert triggered: MEDIUM SEVERITY: Unusual activity detected for user bob
2026-01-22 17:24:23,826 - INFO - Alert triggered: MEDIUM SEVERITY: Unusual activity detected for user bob
2026-01-22 17:24:23,828 - INFO - Alert triggered: MEDIUM SEVERITY: Unusual activity detected for user bob
2026-01-22 17:24:23,829 - INFO - Alert triggered: MEDIUM SEVERITY: Unusual activity detected for user bob
2026-01-22 17:24:23,830 - INFO - Alert triggered: MEDIUM SEVERITY: Unusual activity detected for user bob
2026-01-22 17:24:23,831 - INFO - Alert triggered: MEDIUM SEVERITY: Unusual activity detected for user bob
2026-01-22 17:24:23,832 - INFO - Alert triggered: MEDIUM SEVERITY: Unusual activity detected for user bob
2026-01-22 17:24:23,834 - INFO - Alert triggered: MEDIUM SEVERITY: Unusual activity detected for user bob
2026-01-22 17:24:23,835 - INFO - Alert triggered: MEDIUM SEVERITY: Unusual activity detected for user bob
2026-01-22 17:24:23,836 - INFO - Alert triggered: MEDIUM SEVERITY: Unusual activity detected for user diana
2026-01-22 17:24:23,838 - INFO - Alert triggered: MEDIUM SEVERITY: Unusual activity detected for user diana
2026-01-22 17:24:23,839 - INFO - Alert triggered: MEDIUM SEVERITY: Unusual activity detected for user diana
2026-01-22 17:24:23,840 - INFO - Alert triggered: MEDIUM SEVERITY: Unusual activity detected for user diana
2026-01-22 17:24:23,841 - INFO - Alert triggered: MEDIUM SEVERITY: Unusual activity detected for user diana
2026-01-22 17:24:23,843 - INFO - Alert triggered: MEDIUM SEVERITY: Unusual activity detected for user diana
2026-01-22 17:24:23,844 - INFO - Alert triggered: MEDIUM SEVERITY: Unusual activity detected for user diana
2026-01-22 17:24:23,845 - INFO - Alert triggered: MEDIUM SEVERITY: Unusual activity detected for user diana
2026-01-22 17:24:23,846 - INFO - Alert triggered: MEDIUM SEVERITY: Unusual activity detected for user diana
2026-01-22 17:24:23,847 - INFO - Alert triggered: MEDIUM SEVERITY: Unusual activity detected for user diana
2026-01-22 17:24:23,848 - INFO - Alert triggered: MEDIUM SEVERITY: Unusual activity detected for user diana
2026-01-22 17:24:23,849 - INFO - Alert triggered: MEDIUM SEVERITY: Unusual activity detected for user diana
2026-01-22 17:24:23,851 - INFO - Alert triggered: MEDIUM SEVERITY: Unusual activity detected for user diana
2026-01-22 17:24:23,852 - INFO - Alert triggered: MEDIUM SEVERITY: Unusual activity detected for user diana
2026-01-22 17:24:23,853 - INFO - Alert triggered: MEDIUM SEVERITY: Unusual activity detected for user diana
2026-01-22 17:24:23,854 - INFO - Alert triggered: MEDIUM SEVERITY: Unusual activity detected for user diana
2026-01-22 17:24:23,855 - INFO - Alert triggered: MEDIUM SEVERITY: Unusual activity detected for user diana
2026-01-22 17:24:23,857 - INFO - Alert triggered: MEDIUM SEVERITY: Unusual activity detected for user diana
2026-01-22 17:26:34,817 - INFO - Alert triggered: MEDIUM SEVERITY: Unusual activity detected for user alice
2026-01-22 17:26:34,819 - INFO - Alert triggered: MEDIUM SEVERITY: Unusual activity detected for user alice
2026-01-22 17:26:34,820 - INFO - Alert triggered: MEDIUM SEVERITY: Unusual activity detected for user alice
2026-01-22 17:26:34,822 - INFO - Alert triggered: MEDIUM SEVERITY: Unusual activity detected for user alice
2026-01-22 17:26:34,823 - INFO - Alert triggered: MEDIUM SEVERITY: Unusual activity detected for user alice
2026-01-22 17:26:34,824 - INFO - Alert triggered: MEDIUM SEVERITY: Unusual activity detected for user alice
2026-01-22 17:26:34,825 - INFO - Alert triggered: MEDIUM SEVERITY: Unusual activity detected for user alice
2026-01-22 17:26:34,827 - INFO - Alert triggered: MEDIUM SEVERITY: Unusual activity detected for user alice
2026-01-22 17:26:34,828 - INFO - Alert triggered: MEDIUM SEVERITY: Unusual activity detected for user charlie
2026-01-22 17:26:34,829 - INFO - Alert triggered: MEDIUM SEVERITY: Unusual activity detected for user charlie
2026-01-22 17:26:34,830 - INFO - Alert triggered: MEDIUM SEVERITY: Unusual activity detected for user charlie
2026-01-22 17:26:34,831 - INFO - Alert triggered: MEDIUM SEVERITY: Unusual activity detected for user charlie
2026-01-22 17:26:34,832 - INFO - Alert triggered: MEDIUM SEVERITY: Unusual activity detected for user charlie
2026-01-22 17:26:34,833 - INFO - Alert triggered: MEDIUM SEVERITY: Unusual activity detected for user charlie
2026-01-22 17:26:34,834 - INFO - Alert triggered: MEDIUM SEVERITY: Unusual activity detected for user charlie
2026-01-22 17:26:34,835 - INFO - Alert triggered: MEDIUM SEVERITY: Unusual activity detected for user charlie
2026-01-22 17:26:34,836 - INFO - Alert triggered: MEDIUM SEVERITY: Unusual activity detected for user charlie
2026-01-22 17:26:34,838 - INFO - Alert triggered: MEDIUM SEVERITY: Unusual activity detected for user charlie
2026-01-22 17:26:34,839 - INFO - Alert triggered: MEDIUM SEVERITY: Unusual activity detected for user eve
2026-01-22 17:26:34,840 - INFO - Alert triggered: MEDIUM SEVERITY: Unusual activity detected for user eve
2026-01-22 17:26:34,841 - INFO - Alert triggered: MEDIUM SEVERITY: Unusual activity detected for user bob
2026-01-22 17:26:34,842 - INFO - Alert triggered: MEDIUM SEVERITY: Unusual activity detected for user bob
2026-01-22 17:26:34,843 - INFO - Alert triggered: MEDIUM SEVERITY: Unusual activity detected for user bob
2026-01-22 17:26:34,844 - INFO - Alert triggered: MEDIUM SEVERITY: Unusual activity detected for user bob
2026-01-22 17:26:34,845 - INFO - Alert triggered: MEDIUM SEVERITY: Unusual activity detected for user bob
2026-01-22 17:26:34,846 - INFO - Alert triggered: MEDIUM SEVERITY: Unusual activity detected for user bob
2026-01-22 17:26:34,847 - INFO - Alert triggered: MEDIUM SEVERITY: Unusual activity detected for user bob
2026-01-22 17:26:34,848 - INFO - Alert triggered: MEDIUM SEVERITY: Unusual activity detected for user bob
2026-01-22 17:26:34,849 - INFO - Alert triggered: MEDIUM SEVERITY: Unusual activity detected for user bob
2026-01-22 17:26:34,851 - INFO - Alert triggered: MEDIUM SEVERITY: Unusual activity detected for user bob
2026-01-22 17:26:34,852 - INFO - Alert triggered: MEDIUM SEVERITY: Unusual activity detected for user bob
2026-01-22 17:26:34,853 - INFO - Alert triggered: MEDIUM SEVERITY: Unusual activity detected for user bob
2026-01-22 17:26:34,854 - INFO - Alert triggered: MEDIUM SEVERITY: Unusual activity detected for user bob
2026-01-22 17:26:34,855 - INFO - Alert triggered: MEDIUM SEVERITY: Unusual activity detected for user bob
2026-01-22 17:26:34,856 - INFO - Alert triggered: MEDIUM SEVERITY: Unusual activity detected for user bob
2026-01-22 17:26:34,858 - INFO - Alert triggered: MEDIUM SEVERITY: Unusual activity detected for user bob
2026-01-22 17:26:34,859 - INFO - Alert triggered: MEDIUM SEVERITY: Unusual activity detected for user diana
2026-01-22 17:26:34,860 - INFO - Alert triggered: MEDIUM SEVERITY: Unusual activity detected for user diana
2026-01-22 17:26:34,862 - INFO - Alert triggered: MEDIUM SEVERITY: Unusual activity detected for user diana
2026-01-22 17:26:34,863 - INFO - Alert triggered: MEDIUM SEVERITY: Unusual activity detected for user diana
2026-01-22 17:26:34,864 - INFO - Alert triggered: MEDIUM SEVERITY: Unusual activity detected for user diana
2026-01-22 17:26:34,865 - INFO - Alert triggered: MEDIUM SEVERITY: Unusual activity detected for user diana
2026-01-22 17:26:34,867 - INFO - Alert triggered: MEDIUM SEVERITY: Unusual activity detected for user diana
2026-01-22 17:26:34,868 - INFO - Alert triggered: MEDIUM SEVERITY: Unusual activity detected for user diana
2026-01-22 17:26:34,869 - INFO - Alert triggered: MEDIUM SEVERITY: Unusual activity detected for user diana
2026-01-22 17:26:34,870 - INFO - Alert triggered: MEDIUM SEVERITY: Unusual activity detected for user diana
2026-01-22 17:26:34,871 - INFO - Alert triggered: MEDIUM SEVERITY: Unusual activity detected for user diana
2026-01-22 17:26:34,873 - INFO - Alert triggered: MEDIUM SEVERITY: Unusual activity detected for user diana
2026-01-22 17:26:34,874 - INFO - Alert triggered: MEDIUM SEVERITY: Unusual activity detected for user diana
2026-01-22 17:26:34,875 - INFO - Alert triggered: MEDIUM SEVERITY: Unusual activity detected for user diana
2026-01-22 17:26:34,876 - INFO - Alert triggered: MEDIUM SEVERITY: Unusual activity detected for user diana
2026-01-22 17:26:34,877 - INFO - Alert triggered: MEDIUM SEVERITY: Unusual activity detected for user diana
2026-01-22 17:26:34,879 - INFO - Alert triggered: MEDIUM SEVERITY: Unusual activity detected for user diana
2026-01-22 17:26:34,880 - INFO - Alert triggered: MEDIUM SEVERITY: Unusual activity detected for user diana
2026-01-23 14:34:27,778 - INFO - Alert triggered: MEDIUM SEVERITY: Unusual activity detected for user alice
2026-01-23 14:34:27,780 - INFO - Alert triggered: MEDIUM SEVERITY: Unusual activity detected for user alice
2026-01-23 14:34:27,781 - INFO - Alert triggered: MEDIUM SEVERITY: Unusual activity detected for user alice
2026-01-23 14:34:27,782 - INFO - Alert triggered: MEDIUM SEVERITY: Unusual activity detected for user alice
2026-01-23 14:34:27,783 - INFO - Alert triggered: MEDIUM SEVERITY: Unusual activity detected for user alice
2026-01-23 14:34:27,785 - INFO - Alert triggered: MEDIUM SEVERITY: Unusual activity detected for user alice
2026-01-23 14:34:27,786 - INFO - Alert triggered: MEDIUM SEVERITY: Unusual activity detected for user alice
2026-01-23 14:34:27,787 - INFO - Alert triggered: MEDIUM SEVERITY: Unusual activity detected for user alice
2026-01-23 14:34:27,788 - INFO - Alert triggered: MEDIUM SEVERITY: Unusual activity detected for user charlie
2026-01-23 14:34:27,789 - INFO - Alert triggered: MEDIUM SEVERITY: Unusual activity detected for user charlie
2026-01-23 14:34:27,790 - INFO - Alert triggered: MEDIUM SEVERITY: Unusual activity detected for user charlie
2026-01-23 14:34:27,791 - INFO - Alert triggered: MEDIUM SEVERITY: Unusual activity detected for user charlie
2026-01-23 14:34:27,792 - INFO - Alert triggered: MEDIUM SEVERITY: Unusual activity detected for user charlie
2026-01-23 14:34:27,793 - INFO - Alert triggered: MEDIUM SEVERITY: Unusual activity detected for user charlie
2026-01-23 14:34:27,794 - INFO - Alert triggered: MEDIUM SEVERITY: Unusual activity detected for user charlie
2026-01-23 14:34:27,795 - INFO - Alert triggered: MEDIUM SEVERITY: Unusual activity detected for user charlie
2026-01-23 14:34:27,796 - INFO - Alert triggered: MEDIUM SEVERITY: Unusual activity detected for user charlie
2026-01-23 14:34:27,797 - INFO - Alert triggered: MEDIUM SEVERITY: Unusual activity detected for user charlie
2026-01-23 14:34:27,798 - INFO - Alert triggered: MEDIUM SEVERITY: Unusual activity detected for user eve
2026-01-23 14:34:27,800 - INFO - Alert triggered: MEDIUM SEVERITY: Unusual activity detected for user eve
2026-01-23 14:34:27,801 - INFO - Alert triggered: MEDIUM SEVERITY: Unusual activity detected for user bob
2026-01-23 14:34:27,802 - INFO - Alert triggered: MEDIUM SEVERITY: Unusual activity detected for user bob
2026-01-23 14:34:27,803 - INFO - Alert triggered: MEDIUM SEVERITY: Unusual activity detected for user bob
2026-01-23 14:34:27,804 - INFO - Alert triggered: MEDIUM SEVERITY: Unusual activity detected for user bob
2026-01-23 14:34:27,805 - INFO - Alert triggered: MEDIUM SEVERITY: Unusual activity detected for user bob
2026-01-23 14:34:27,806 - INFO - Alert triggered: MEDIUM SEVERITY: Unusual activity detected for user bob
2026-01-23 14:34:27,807 - INFO - Alert triggered: MEDIUM SEVERITY: Unusual activity detected for user bob
2026-01-23 14:34:27,808 - INFO - Alert triggered: MEDIUM SEVERITY: Unusual activity detected for user bob
2026-01-23 14:34:27,809 - INFO - Alert triggered: MEDIUM SEVERITY: Unusual activity detected for user bob
2026-01-23 14:34:27,810 - INFO - Alert triggered: MEDIUM SEVERITY: Unusual activity detected for user bob
2026-01-23 14:34:27,812 - INFO - Alert triggered: MEDIUM SEVERITY: Unusual activity detected for user bob
2026-01-23 14:34:27,813 - INFO - Alert triggered: MEDIUM SEVERITY: Unusual activity detected for user bob
2026-01-23 14:34:27,814 - INFO - Alert triggered: MEDIUM SEVERITY: Unusual activity detected for user bob
2026-01-23 14:34:27,815 - INFO - Alert triggered: MEDIUM SEVERITY: Unusual activity detected for user bob
2026-01-23 14:34:27,816 - INFO - Alert triggered: MEDIUM SEVERITY: Unusual activity detected for user bob
2026-01-23 14:34:27,817 - INFO - Alert triggered: MEDIUM SEVERITY: Unusual activity detected for user bob
2026-01-23 14:34:27,818 - INFO - Alert triggered: MEDIUM SEVERITY: Unusual activity detected for user diana
2026-01-23 14:34:27,819 - INFO - Alert triggered: MEDIUM SEVERITY: Unusual activity detected for user diana
2026-01-23 14:34:27,820 - INFO - Alert triggered: MEDIUM SEVERITY: Unusual activity detected for user diana
2026-01-23 14:34:27,821 - INFO - Alert triggered: MEDIUM SEVERITY: Unusual activity detected for user diana
2026-01-23 14:34:27,822 - INFO - Alert triggered: MEDIUM SEVERITY: Unusual activity detected for user diana
2026-01-23 14:34:27,823 - INFO - Alert triggered: MEDIUM SEVERITY: Unusual activity detected for user diana
2026-01-23 14:34:27,824 - INFO - Alert triggered: MEDIUM SEVERITY: Unusual activity detected for user diana
2026-01-23 14:34:27,826 - INFO - Alert triggered: MEDIUM SEVERITY: Unusual activity detected for user diana
2026-01-23 14:34:27,827 - INFO - Alert triggered: MEDIUM SEVERITY: Unusual activity detected for user diana
2026-01-23 14:34:27,828 - INFO - Alert triggered: MEDIUM SEVERITY: Unusual activity detected for user diana
2026-01-23 14:34:27,829 - INFO - Alert triggered: MEDIUM SEVERITY: Unusual activity detected for user diana
2026-01-23 14:34:27,830 - INFO - Alert triggered: MEDIUM SEVERITY: Unusual activity detected for user diana
2026-01-23 14:34:27,832 - INFO - Alert triggered: MEDIUM SEVERITY: Unusual activity detected for user diana
2026-01-23 14:34:27,833 - INFO - Alert triggered: MEDIUM SEVERITY: Unusual activity detected for user diana
2026-01-23 14:34:27,834 - INFO - Alert triggered: MEDIUM SEVERITY: Unusual activity detected for user diana
2026-01-23 14:34:27,835 - INFO - Alert triggered: MEDIUM SEVERITY: Unusual activity detected for user diana
2026-01-23 14:34:27,836 - INFO - Alert triggered: MEDIUM SEVERITY: Unusual activity detected for user diana
2026-01-23 14:34:27,837 - INFO - Alert triggered: MEDIUM SEVERITY: Unusual activity detected for user diana
2026-01-23 14:34:27,838 - INFO - Alert triggered: MEDIUM SEVERITY: Unusual activity detected for user diana
2026-01-23 14:34:33,047 - INFO - Alert triggered: MEDIUM SEVERITY: Unusual activity detected for user invalid
2026-01-23 14:34:33,049 - INFO - Alert triggered: MEDIUM SEVERITY: Unusual activity detected for user admin
2026-01-23 14:34:33,051 - INFO - Alert triggered: MEDIUM SEVERITY: Unusual activity detected for user bob
2026-01-23 14:34:33,052 - INFO - Alert triggered: MEDIUM SEVERITY: Unusual activity detected for user user
2026-01-23 14:34:33,053 - INFO - Alert triggered: MEDIUM SEVERITY: Unusual activity detected for user bob
2026-01-23 14:34:33,054 - INFO - Alert triggered: MEDIUM SEVERITY: Unusual activity detected for user invalid
2026-01-24 18:41:39,550 - INFO - Alert triggered: MEDIUM SEVERITY: Unusual activity detected for user alice
2026-01-24 18:41:39,554 - INFO - Alert triggered: MEDIUM SEVERITY: Unusual activity detected for user alice
2026-01-24 18:41:39,555 - INFO - Alert triggered: MEDIUM SEVERITY: Unusual activity detected for user alice
2026-01-24 18:41:39,556 - INFO - Alert triggered: MEDIUM SEVERITY: Unusual activity detected for user alice
2026-01-24 18:41:39,557 - INFO - Alert triggered: MEDIUM SEVERITY: Unusual activity detected for user alice
2026-01-24 18:41:39,558 - INFO - Alert triggered: MEDIUM SEVERITY: Unusual activity detected for user alice
2026-01-24 18:41:39,559 - INFO - Alert triggered: MEDIUM SEVERITY: Unusual activity detected for user alice
2026-01-24 18:41:39,560 - INFO - Alert triggered: MEDIUM SEVERITY: Unusual activity detected for user alice
2026-01-24 18:41:39,561 - INFO - Alert triggered: MEDIUM SEVERITY: Unusual activity detected for user alice
2026-01-24 18:41:39,563 - INFO - Alert triggered: MEDIUM SEVERITY: Unusual activity detected for user alice
2026-01-24 18:41:39,564 - INFO - Alert triggered: MEDIUM SEVERITY: Unusual activity detected for user charlie
2026-01-24 18:41:39,565 - INFO - Alert triggered: MEDIUM SEVERITY: Unusual activity detected for user charlie
2026-01-24 18:41:39,566 - INFO - Alert triggered: MEDIUM SEVERITY: Unusual activity detected for user charlie
2026-01-24 18:41:39,567 - INFO - Alert triggered: MEDIUM SEVERITY: Unusual activity detected for user charlie
2026-01-24 18:41:39,569 - INFO - Alert triggered: MEDIUM SEVERITY: Unusual activity detected for user charlie
2026-01-24 18:41:39,570 - INFO - Alert triggered: MEDIUM SEVERITY: Unusual activity detected for user charlie
2026-01-24 18:41:39,571 - INFO - Alert triggered: MEDIUM SEVERITY: Unusual activity detected for user charlie
2026-01-24 18:41:39,572 - INFO - Alert triggered: MEDIUM SEVERITY: Unusual activity detected for user charlie
2026-01-24 18:41:39,573 - INFO - Alert triggered: MEDIUM SEVERITY: Unusual activity detected for user charlie
2026-01-24 18:41:39,574 - INFO - Alert triggered: MEDIUM SEVERITY: Unusual activity detected for user charlie
2026-01-24 18:41:39,575 - INFO - Alert triggered: MEDIUM SEVERITY: Unusual activity detected for user eve
2026-01-24 18:41:39,576 - INFO - Alert triggered: MEDIUM SEVERITY: Unusual activity detected for user bob
2026-01-24 18:41:39,578 - INFO - Alert triggered: MEDIUM SEVERITY: Unusual activity detected for user bob
2026-01-24 18:41:39,579 - INFO - Alert triggered: MEDIUM SEVERITY: Unusual activity detected for user bob
2026-01-24 18:41:39,580 - INFO - Alert triggered: MEDIUM SEVERITY: Unusual activity detected for user bob
2026-01-24 18:41:39,581 - INFO - Alert triggered: MEDIUM SEVERITY: Unusual activity detected for user bob
2026-01-24 18:41:39,582 - INFO - Alert triggered: MEDIUM SEVERITY: Unusual activity detected for user bob
2026-01-24 18:41:39,583 - INFO - Alert triggered: MEDIUM SEVERITY: Unusual activity detected for user bob
2026-01-24 18:41:39,584 - INFO - Alert triggered: MEDIUM SEVERITY: Unusual activity detected for user bob
2026-01-24 18:41:39,585 - INFO - Alert triggered: MEDIUM SEVERITY: Unusual activity detected for user bob
2026-01-24 18:41:39,586 - INFO - Alert triggered: MEDIUM SEVERITY: Unusual activity detected for user bob
2026-01-24 18:41:39,587 - INFO - Alert triggered: MEDIUM SEVERITY: Unusual activity detected for user bob
2026-01-24 18:41:39,588 - INFO - Alert triggered: MEDIUM SEVERITY: Unusual activity detected for user bob
2026-01-24 18:41:39,590 - INFO - Alert triggered: MEDIUM SEVERITY: Unusual activity detected for user bob
2026-01-24 18:41:39,591 - INFO - Alert triggered: MEDIUM SEVERITY: Unusual activity detected for user bob
2026-01-24 18:41:39,592 - INFO - Alert triggered: MEDIUM SEVERITY: Unusual activity detected for user bob
2026-01-24 18:41:39,593 - INFO - Alert triggered: MEDIUM SEVERITY: Unusual activity detected for user bob
2026-01-24 18:41:39,594 - INFO - Alert triggered: MEDIUM SEVERITY: Unusual activity detected for user diana
2026-01-24 18:41:39,595 - INFO - Alert triggered: MEDIUM SEVERITY: Unusual activity detected for user diana
2026-01-24 18:41:39,596 - INFO - Alert triggered: MEDIUM SEVERITY: Unusual activity detected for user diana
2026-01-24 18:41:39,597 - INFO - Alert triggered: MEDIUM SEVERITY: Unusual activity detected for user diana
2026-01-24 18:41:39,598 - INFO - Alert triggered: MEDIUM SEVERITY: Unusual activity detected for user diana
2026-01-24 18:41:39,599 - INFO - Alert triggered: MEDIUM SEVERITY: Unusual activity detected for user diana
2026-01-24 18:41:39,600 - INFO - Alert triggered: MEDIUM SEVERITY: Unusual activity detected for user diana
2026-01-24 18:41:39,601 - INFO - Alert triggered: MEDIUM SEVERITY: Unusual activity detected for user diana
2026-01-24 18:41:39,602 - INFO - Alert triggered: MEDIUM SEVERITY: Unusual activity detected for user diana
2026-01-24 18:41:39,603 - INFO - Alert triggered: MEDIUM SEVERITY: Unusual activity detected for user diana
2026-01-24 18:41:39,604 - INFO - Alert triggered: MEDIUM SEVERITY: Unusual activity detected for user diana
2026-01-24 18:41:39,606 - INFO - Alert triggered: MEDIUM SEVERITY: Unusual activity detected for user diana
2026-01-24 18:41:39,607 - INFO - Alert triggered: MEDIUM SEVERITY: Unusual activity detected for user diana
2026-01-24 18:41:39,608 - INFO - Alert triggered: MEDIUM SEVERITY: Unusual activity detected for user diana
2026-01-24 18:41:39,609 - INFO - Alert triggered: MEDIUM SEVERITY: Unusual activity detected for user diana
2026-01-24 18:41:39,610 - INFO - Alert triggered: MEDIUM SEVERITY: Unusual activity detected for user diana
2026-01-24 18:41:39,611 - INFO - Alert triggered: MEDIUM SEVERITY: Unusual activity detected for user diana
2026-01-24 18:41:39,612 - INFO - Alert triggered: MEDIUM SEVERITY: Unusual activity detected for user diana
2026-01-24 18:41:39,613 - INFO - Alert triggered: MEDIUM SEVERITY: Unusual activity detected for user eve
2026-01-24 18:41:39,614 - INFO - Alert triggered: MEDIUM SEVERITY: Unusual activity detected for user eve
2026-01-24 18:41:50,474 - INFO - Alert triggered: MEDIUM SEVERITY: Unusual activity detected for user invalid
2026-01-24 18:41:50,476 - INFO - Alert triggered: MEDIUM SEVERITY: Unusual activity detected for user admin
2026-01-24 18:41:50,477 - INFO - Alert triggered: MEDIUM SEVERITY: Unusual activity detected for user bob
2026-01-24 18:41:50,478 - INFO - Alert triggered: MEDIUM SEVERITY: Unusual activity detected for user user
2026-01-24 18:41:50,480 - INFO - Alert triggered: MEDIUM SEVERITY: Unusual activity detected for user invalid
2026-01-24 18:41:50,480 - INFO - Alert triggered: MEDIUM SEVERITY: Unusual activity detected for user alice
2026-02-02 13:16:22,276 - INFO - Alert triggered: MEDIUM SEVERITY: Unusual activity detected for user alice
2026-02-02 13:16:22,279 - INFO - Alert triggered: MEDIUM SEVERITY: Unusual activity detected for user alice
2026-02-02 13:16:22,280 - INFO - Alert triggered: MEDIUM SEVERITY: Unusual activity detected for user alice
2026-02-02 13:16:22,282 - INFO - Alert triggered: MEDIUM SEVERITY: Unusual activity detected for user alice
2026-02-02 13:16:22,283 - INFO - Alert triggered: MEDIUM SEVERITY: Unusual activity detected for user alice
2026-02-02 13:16:22,284 - INFO - Alert triggered: MEDIUM SEVERITY: Unusual activity detected for user alice
2026-02-02 13:16:22,285 - INFO - Alert triggered: MEDIUM SEVERITY: Unusual activity detected for user alice
2026-02-02 13:16:22,286 - INFO - Alert triggered: MEDIUM SEVERITY: Unusual activity detected for user alice
2026-02-02 13:16:22,287 - INFO - Alert triggered: MEDIUM SEVERITY: Unusual activity detected for user charlie
2026-02-02 13:16:22,288 - INFO - Alert triggered: MEDIUM SEVERITY: Unusual activity detected for user charlie
2026-02-02 13:16:22,290 - INFO - Alert triggered: MEDIUM SEVERITY: Unusual activity detected for user charlie
2026-02-02 13:16:22,291 - INFO - Alert triggered: MEDIUM SEVERITY: Unusual activity detected for user charlie
2026-02-02 13:16:22,292 - INFO - Alert triggered: MEDIUM SEVERITY: Unusual activity detected for user charlie
2026-02-02 13:16:22,293 - INFO - Alert triggered: MEDIUM SEVERITY: Unusual activity detected for user charlie
2026-02-02 13:16:22,294 - INFO - Alert triggered: MEDIUM SEVERITY: Unusual activity detected for user charlie
2026-02-02 13:16:22,295 - INFO - Alert triggered: MEDIUM SEVERITY: Unusual activity detected for user charlie
2026-02-02 13:16:22,297 - INFO - Alert triggered: MEDIUM SEVERITY: Unusual activity detected for user charlie
2026-02-02 13:16:22,298 - INFO - Alert triggered: MEDIUM SEVERITY: Unusual activity detected for user charlie
2026-02-02 13:16:22,299 - INFO - Alert triggered: MEDIUM SEVERITY: Unusual activity detected for user eve
2026-02-02 13:16:22,300 - INFO - Alert triggered: MEDIUM SEVERITY: Unusual activity detected for user eve
2026-02-02 13:16:22,301 - INFO - Alert triggered: MEDIUM SEVERITY: Unusual activity detected for user bob
2026-02-02 13:16:22,302 - INFO - Alert triggered: MEDIUM SEVERITY: Unusual activity detected for user bob
2026-02-02 13:16:22,304 - INFO - Alert triggered: MEDIUM SEVERITY: Unusual activity detected for user bob
2026-02-02 13:16:22,305 - INFO - Alert triggered: MEDIUM SEVERITY: Unusual activity detected for user bob
2026-02-02 13:16:22,306 - INFO - Alert triggered: MEDIUM SEVERITY: Unusual activity detected for user bob
2026-02-02 13:16:22,307 - INFO - Alert triggered: MEDIUM SEVERITY: Unusual activity detected for user bob
2026-02-02 13:16:22,308 - INFO - Alert triggered: MEDIUM SEVERITY: Unusual activity detected for user bob
2026-02-02 13:16:22,309 - INFO - Alert triggered: MEDIUM SEVERITY: Unusual activity detected for user bob
2026-02-02 13:16:22,310 - INFO - Alert triggered: MEDIUM SEVERITY: Unusual activity detected for user bob
2026-02-02 13:16:22,311 - INFO - Alert triggered: MEDIUM SEVERITY: Unusual activity detected for user bob
2026-02-02 13:16:22,313 - INFO - Alert triggered: MEDIUM SEVERITY: Unusual activity detected for user bob
2026-02-02 13:16:22,314 - INFO - Alert triggered: MEDIUM SEVERITY: Unusual activity detected for user bob
2026-02-02 13:16:22,315 - INFO - Alert triggered: MEDIUM SEVERITY: Unusual activity detected for user bob
2026-02-02 13:16:22,316 - INFO - Alert triggered: MEDIUM SEVERITY: Unusual activity detected for user bob
2026-02-02 13:16:22,317 - INFO - Alert triggered: MEDIUM SEVERITY: Unusual activity detected for user bob
2026-02-02 13:16:22,318 - INFO - Alert triggered: MEDIUM SEVERITY: Unusual activity detected for user bob
2026-02-02 13:16:22,319 - INFO - Alert triggered: MEDIUM SEVERITY: Unusual activity detected for user diana
2026-02-02 13:16:22,320 - INFO - Alert triggered: MEDIUM SEVERITY: Unusual activity detected for user diana
2026-02-02 13:16:22,321 - INFO - Alert triggered: MEDIUM SEVERITY: Unusual activity detected for user diana
2026-02-02 13:16:22,322 - INFO - Alert triggered: MEDIUM SEVERITY: Unusual activity detected for user diana
2026-02-02 13:16:22,324 - INFO - Alert triggered: MEDIUM SEVERITY: Unusual activity detected for user diana
2026-02-02 13:16:22,325 - INFO - Alert triggered: MEDIUM SEVERITY: Unusual activity detected for user diana
2026-02-02 13:16:22,326 - INFO - Alert triggered: MEDIUM SEVERITY: Unusual activity detected for user diana
2026-02-02 13:16:22,327 - INFO - Alert triggered: MEDIUM SEVERITY: Unusual activity detected for user diana
2026-02-02 13:16:22,328 - INFO - Alert triggered: MEDIUM SEVERITY: Unusual activity detected for user diana
2026-02-02 13:16:22,330 - INFO - Alert triggered: MEDIUM SEVERITY: Unusual activity detected for user diana
2026-02-02 13:16:22,331 - INFO - Alert triggered: MEDIUM SEVERITY: Unusual activity detected for user diana
2026-02-02 13:16:22,332 - INFO - Alert triggered: MEDIUM SEVERITY: Unusual activity detected for user diana
2026-02-02 13:16:22,333 - INFO - Alert triggered: MEDIUM SEVERITY: Unusual activity detected for user diana
2026-02-02 13:16:22,335 - INFO - Alert triggered: MEDIUM SEVERITY: Unusual activity detected for user diana
2026-02-02 13:16:22,336 - INFO - Alert triggered: MEDIUM SEVERITY: Unusual activity detected for user diana
2026-02-02 13:16:22,337 - INFO - Alert triggered: MEDIUM SEVERITY: Unusual activity detected for user eve
2026-02-02 13:16:22,338 - INFO - Alert triggered: MEDIUM SEVERITY: Unusual activity detected for user diana
2026-02-02 13:16:22,339 - INFO - Alert triggered: MEDIUM SEVERITY: Unusual activity detected for user diana
2026-02-02 13:16:31,816 - INFO - Alert triggered: MEDIUM SEVERITY: Unusual activity detected for user alice
2026-02-02 13:16:31,818 - INFO - Alert triggered: MEDIUM SEVERITY: Unusual activity detected for user alice
2026-02-02 13:16:31,819 - INFO - Alert triggered: MEDIUM SEVERITY: Unusual activity detected for user alice
2026-02-02 13:16:31,820 - INFO - Alert triggered: MEDIUM SEVERITY: Unusual activity detected for user alice
2026-02-02 13:16:31,821 - INFO - Alert triggered: MEDIUM SEVERITY: Unusual activity detected for user alice
2026-02-02 13:16:31,822 - INFO - Alert triggered: MEDIUM SEVERITY: Unusual activity detected for user alice
2026-02-02 13:16:31,823 - INFO - Alert triggered: MEDIUM SEVERITY: Unusual activity detected for user alice
2026-02-02 13:16:31,825 - INFO - Alert triggered: MEDIUM SEVERITY: Unusual activity detected for user alice
2026-02-02 13:16:31,826 - INFO - Alert triggered: MEDIUM SEVERITY: Unusual activity detected for user charlie
2026-02-02 13:16:31,827 - INFO - Alert triggered: MEDIUM SEVERITY: Unusual activity detected for user charlie
2026-02-02 13:16:31,828 - INFO - Alert triggered: MEDIUM SEVERITY: Unusual activity detected for user charlie
2026-02-02 13:16:31,829 - INFO - Alert triggered: MEDIUM SEVERITY: Unusual activity detected for user charlie
2026-02-02 13:16:31,830 - INFO - Alert triggered: MEDIUM SEVERITY: Unusual activity detected for user charlie
2026-02-02 13:16:31,831 - INFO - Alert triggered: MEDIUM SEVERITY: Unusual activity detected for user charlie
2026-02-02 13:16:31,832 - INFO - Alert triggered: MEDIUM SEVERITY: Unusual activity detected for user charlie
2026-02-02 13:16:31,834 - INFO - Alert triggered: MEDIUM SEVERITY: Unusual activity detected for user charlie
2026-02-02 13:16:31,835 - INFO - Alert triggered: MEDIUM SEVERITY: Unusual activity detected for user charlie
2026-02-02 13:16:31,836 - INFO - Alert triggered: MEDIUM SEVERITY: Unusual activity detected for user charlie
2026-02-02 13:16:31,837 - INFO - Alert triggered: MEDIUM SEVERITY: Unusual activity detected for user eve
2026-02-02 13:16:31,838 - INFO - Alert triggered: MEDIUM SEVERITY: Unusual activity detected for user eve
2026-02-02 13:16:31,839 - INFO - Alert triggered: MEDIUM SEVERITY: Unusual activity detected for user bob
2026-02-02 13:16:31,841 - INFO - Alert triggered: MEDIUM SEVERITY: Unusual activity detected for user bob
2026-02-02 13:16:31,844 - INFO - Alert triggered: MEDIUM SEVERITY: Unusual activity detected for user bob
2026-02-02 13:16:31,846 - INFO - Alert triggered: MEDIUM SEVERITY: Unusual activity detected for user bob
2026-02-02 13:16:31,847 - INFO - Alert triggered: MEDIUM SEVERITY: Unusual activity detected for user bob
2026-02-02 13:16:31,849 - INFO - Alert triggered: MEDIUM SEVERITY: Unusual activity detected for user bob
2026-02-02 13:16:31,851 - INFO - Alert triggered: MEDIUM SEVERITY: Unusual activity detected for user bob
2026-02-02 13:16:31,853 - INFO - Alert triggered: MEDIUM SEVERITY: Unusual activity detected for user bob
2026-02-02 13:16:31,854 - INFO - Alert triggered: MEDIUM SEVERITY: Unusual activity detected for user bob
2026-02-02 13:16:31,855 - INFO - Alert triggered: MEDIUM SEVERITY: Unusual activity detected for user bob
2026-02-02 13:16:31,857 - INFO - Alert triggered: MEDIUM SEVERITY: Unusual activity detected for user bob
2026-02-02 13:16:31,858 - INFO - Alert triggered: MEDIUM SEVERITY: Unusual activity detected for user bob
2026-02-02 13:16:31,859 - INFO - Alert triggered: MEDIUM SEVERITY: Unusual activity detected for user bob
2026-02-02 13:16:31,860 - INFO - Alert triggered: MEDIUM SEVERITY: Unusual activity detected for user bob
2026-02-02 13:16:31,862 - INFO - Alert triggered: MEDIUM SEVERITY: Unusual activity detected for user bob
2026-02-02 13:16:31,863 - INFO - Alert triggered: MEDIUM SEVERITY: Unusual activity detected for user bob
2026-02-02 13:16:31,865 - INFO - Alert triggered: MEDIUM SEVERITY: Unusual activity detected for user diana
2026-02-02 13:16:31,867 - INFO - Alert triggered: MEDIUM SEVERITY: Unusual activity detected for user diana
2026-02-02 13:16:31,868 - INFO - Alert triggered: MEDIUM SEVERITY: Unusual activity detected for user diana
2026-02-02 13:16:31,869 - INFO - Alert triggered: MEDIUM SEVERITY: Unusual activity detected for user diana
2026-02-02 13:16:31,871 - INFO - Alert triggered: MEDIUM SEVERITY: Unusual activity detected for user diana
2026-02-02 13:16:31,872 - INFO - Alert triggered: MEDIUM SEVERITY: Unusual activity detected for user diana
2026-02-02 13:16:31,874 - INFO - Alert triggered: MEDIUM SEVERITY: Unusual activity detected for user diana
2026-02-02 13:16:31,875 - INFO - Alert triggered: MEDIUM SEVERITY: Unusual activity detected for user diana
2026-02-02 13:16:31,876 - INFO - Alert triggered: MEDIUM SEVERITY: Unusual activity detected for user diana
2026-02-02 13:16:31,877 - INFO - Alert triggered: MEDIUM SEVERITY: Unusual activity detected for user diana
2026-02-02 13:16:31,878 - INFO - Alert triggered: MEDIUM SEVERITY: Unusual activity detected for user diana
2026-02-02 13:16:31,879 - INFO - Alert triggered: MEDIUM SEVERITY: Unusual activity detected for user diana
2026-02-02 13:16:31,881 - INFO - Alert triggered: MEDIUM SEVERITY: Unusual activity detected for user diana
2026-02-02 13:16:31,882 - INFO - Alert triggered: MEDIUM SEVERITY: Unusual activity detected for user diana
2026-02-02 13:16:31,883 - INFO - Alert triggered: MEDIUM SEVERITY: Unusual activity detected for user diana
2026-02-02 13:16:31,884 - INFO - Alert triggered: MEDIUM SEVERITY: Unusual activity detected for user eve
2026-02-02 13:16:31,885 - INFO - Alert triggered: MEDIUM SEVERITY: Unusual activity detected for user bob
2026-02-02 13:16:31,886 - INFO - Alert triggered: MEDIUM SEVERITY: Unusual activity detected for user diana
2026-02-02 13:16:31,887 - INFO - Alert triggered: MEDIUM SEVERITY: Unusual activity detected for user diana
2026-02-02 13:16:31,888 - INFO - Alert triggered: MEDIUM SEVERITY: Unusual activity detected for user alice
2026-02-02 13:17:02,624 - INFO - Alert triggered: MEDIUM SEVERITY: Unusual activity detected for user invalid
2026-02-02 13:17:02,626 - INFO - Alert triggered: MEDIUM SEVERITY: Unusual activity detected for user admin
2026-02-02 13:17:02,627 - INFO - Alert triggered: MEDIUM SEVERITY: Unusual activity detected for user bob
2026-02-02 13:17:02,629 - INFO - Alert triggered: MEDIUM SEVERITY: Unusual activity detected for user user
2026-02-02 13:17:02,631 - INFO - Alert triggered: MEDIUM SEVERITY: Unusual activity detected for user bob
2026-02-02 13:17:02,632 - INFO - Alert triggered: MEDIUM SEVERITY: Unusual activity detected for user invalid
2026-02-02 13:19:49,153 - INFO - Alert triggered: MEDIUM SEVERITY: Unusual activity detected for user alice
2026-02-02 13:19:49,155 - INFO - Alert triggered: MEDIUM SEVERITY: Unusual activity detected for user alice
2026-02-02 13:19:49,156 - INFO - Alert triggered: MEDIUM SEVERITY: Unusual activity detected for user alice
2026-02-02 13:19:49,158 - INFO - Alert triggered: MEDIUM SEVERITY: Unusual activity detected for user alice
2026-02-02 13:19:49,159 - INFO - Alert triggered: MEDIUM SEVERITY: Unusual activity detected for user alice
2026-02-02 13:19:49,160 - INFO - Alert triggered: MEDIUM SEVERITY: Unusual activity detected for user alice
2026-02-02 13:19:49,162 - INFO - Alert triggered: MEDIUM SEVERITY: Unusual activity detected for user alice
2026-02-02 13:19:49,163 - INFO - Alert triggered: MEDIUM SEVERITY: Unusual activity detected for user alice
2026-02-02 13:19:49,165 - INFO - Alert triggered: MEDIUM SEVERITY: Unusual activity detected for user charlie
2026-02-02 13:19:49,166 - INFO - Alert triggered: MEDIUM SEVERITY: Unusual activity detected for user charlie
2026-02-02 13:19:49,167 - INFO - Alert triggered: MEDIUM SEVERITY: Unusual activity detected for user charlie
2026-02-02 13:19:49,168 - INFO - Alert triggered: MEDIUM SEVERITY: Unusual activity detected for user charlie
2026-02-02 13:19:49,169 - INFO - Alert triggered: MEDIUM SEVERITY: Unusual activity detected for user charlie
2026-02-02 13:19:49,171 - INFO - Alert triggered: MEDIUM SEVERITY: Unusual activity detected for user charlie
2026-02-02 13:19:49,172 - INFO - Alert triggered: MEDIUM SEVERITY: Unusual activity detected for user charlie
2026-02-02 13:19:49,173 - INFO - Alert triggered: MEDIUM SEVERITY: Unusual activity detected for user charlie
2026-02-02 13:19:49,175 - INFO - Alert triggered: MEDIUM SEVERITY: Unusual activity detected for user charlie
2026-02-02 13:19:49,176 - INFO - Alert triggered: MEDIUM SEVERITY: Unusual activity detected for user charlie
2026-02-02 13:19:49,177 - INFO - Alert triggered: MEDIUM SEVERITY: Unusual activity detected for user eve
2026-02-02 13:19:49,178 - INFO - Alert triggered: MEDIUM SEVERITY: Unusual activity detected for user eve
2026-02-02 13:19:49,180 - INFO - Alert triggered: MEDIUM SEVERITY: Unusual activity detected for user bob
2026-02-02 13:19:49,181 - INFO - Alert triggered: MEDIUM SEVERITY: Unusual activity detected for user bob
2026-02-02 13:19:49,182 - INFO - Alert triggered: MEDIUM SEVERITY: Unusual activity detected for user bob
2026-02-02 13:19:49,183 - INFO - Alert triggered: MEDIUM SEVERITY: Unusual activity detected for user bob
2026-02-02 13:19:49,184 - INFO - Alert triggered: MEDIUM SEVERITY: Unusual activity detected for user bob
2026-02-02 13:19:49,186 - INFO - Alert triggered: MEDIUM SEVERITY: Unusual activity detected for user bob
2026-02-02 13:19:49,187 - INFO - Alert triggered: MEDIUM SEVERITY: Unusual activity detected for user bob
2026-02-02 13:19:49,188 - INFO - Alert triggered: MEDIUM SEVERITY: Unusual activity detected for user bob
2026-02-02 13:19:49,189 - INFO - Alert triggered: MEDIUM SEVERITY: Unusual activity detected for user bob
2026-02-02 13:19:49,191 - INFO - Alert triggered: MEDIUM SEVERITY: Unusual activity detected for user bob
2026-02-02 13:19:49,192 - INFO - Alert triggered: MEDIUM SEVERITY: Unusual activity detected for user bob
2026-02-02 13:19:49,193 - INFO - Alert triggered: MEDIUM SEVERITY: Unusual activity detected for user bob
2026-02-02 13:19:49,194 - INFO - Alert triggered: MEDIUM SEVERITY: Unusual activity detected for user bob
2026-02-02 13:19:49,195 - INFO - Alert triggered: MEDIUM SEVERITY: Unusual activity detected for user bob
2026-02-02 13:19:49,196 - INFO - Alert triggered: MEDIUM SEVERITY: Unusual activity detected for user bob
2026-02-02 13:19:49,198 - INFO - Alert triggered: MEDIUM SEVERITY: Unusual activity detected for user bob
2026-02-02 13:19:49,199 - INFO - Alert triggered: MEDIUM SEVERITY: Unusual activity detected for user diana
2026-02-02 13:19:49,200 - INFO - Alert triggered: MEDIUM SEVERITY: Unusual activity detected for user diana
2026-02-02 13:19:49,201 - INFO - Alert triggered: MEDIUM SEVERITY: Unusual activity detected for user diana
2026-02-02 13:19:49,202 - INFO - Alert triggered: MEDIUM SEVERITY: Unusual activity detected for user diana
2026-02-02 13:19:49,203 - INFO - Alert triggered: MEDIUM SEVERITY: Unusual activity detected for user diana
2026-02-02 13:19:49,204 - INFO - Alert triggered: MEDIUM SEVERITY: Unusual activity detected for user diana
2026-02-02 13:19:49,205 - INFO - Alert triggered: MEDIUM SEVERITY: Unusual activity detected for user diana
2026-02-02 13:19:49,206 - INFO - Alert triggered: MEDIUM SEVERITY: Unusual activity detected for user diana
2026-02-02 13:19:49,208 - INFO - Alert triggered: MEDIUM SEVERITY: Unusual activity detected for user diana
2026-02-02 13:19:49,209 - INFO - Alert triggered: MEDIUM SEVERITY: Unusual activity detected for user diana
2026-02-02 13:19:49,210 - INFO - Alert triggered: MEDIUM SEVERITY: Unusual activity detected for user diana
2026-02-02 13:19:49,211 - INFO - Alert triggered: MEDIUM SEVERITY: Unusual activity detected for user diana
2026-02-02 13:19:49,212 - INFO - Alert triggered: MEDIUM SEVERITY: Unusual activity detected for user diana
2026-02-02 13:19:49,213 - INFO - Alert triggered: MEDIUM SEVERITY: Unusual activity detected for user diana
2026-02-02 13:19:49,215 - INFO - Alert triggered: MEDIUM SEVERITY: Unusual activity detected for user diana
2026-02-02 13:19:49,216 - INFO - Alert triggered: MEDIUM SEVERITY: Unusual activity detected for user eve
2026-02-02 13:19:49,217 - INFO - Alert triggered: MEDIUM SEVERITY: Unusual activity detected for user diana
2026-02-02 13:19:49,218 - INFO - Alert triggered: MEDIUM SEVERITY: Unusual activity detected for user diana
2026-02-02 13:19:49,219 - INFO - Alert triggered: MEDIUM SEVERITY: Unusual activity detected for user alice
2026-02-02 13:21:37,135 - INFO - Alert triggered: MEDIUM SEVERITY: Unusual activity detected for user alice
2026-02-02 13:21:37,137 - INFO - Alert triggered: MEDIUM SEVERITY: Unusual activity detected for user alice
2026-02-02 13:21:37,138 - INFO - Alert triggered: MEDIUM SEVERITY: Unusual activity detected for user alice
2026-02-02 13:21:37,139 - INFO - Alert triggered: MEDIUM SEVERITY: Unusual activity detected for user alice
2026-02-02 13:21:37,140 - INFO - Alert triggered: MEDIUM SEVERITY: Unusual activity detected for user alice
2026-02-02 13:21:37,142 - INFO - Alert triggered: MEDIUM SEVERITY: Unusual activity detected for user alice
2026-02-02 13:21:37,143 - INFO - Alert triggered: MEDIUM SEVERITY: Unusual activity detected for user alice
2026-02-02 13:21:37,145 - INFO - Alert triggered: MEDIUM SEVERITY: Unusual activity detected for user alice
2026-02-02 13:21:37,146 - INFO - Alert triggered: MEDIUM SEVERITY: Unusual activity detected for user charlie
2026-02-02 13:21:37,147 - INFO - Alert triggered: MEDIUM SEVERITY: Unusual activity detected for user charlie
2026-02-02 13:21:37,148 - INFO - Alert triggered: MEDIUM SEVERITY: Unusual activity detected for user charlie
2026-02-02 13:21:37,150 - INFO - Alert triggered: MEDIUM SEVERITY: Unusual activity detected for user charlie
2026-02-02 13:21:37,151 - INFO - Alert triggered: MEDIUM SEVERITY: Unusual activity detected for user charlie
2026-02-02 13:21:37,152 - INFO - Alert triggered: MEDIUM SEVERITY: Unusual activity detected for user charlie
2026-02-02 13:21:37,153 - INFO - Alert triggered: MEDIUM SEVERITY: Unusual activity detected for user charlie
2026-02-02 13:21:37,154 - INFO - Alert triggered: MEDIUM SEVERITY: Unusual activity detected for user charlie
2026-02-02 13:21:37,156 - INFO - Alert triggered: MEDIUM SEVERITY: Unusual activity detected for user charlie
2026-02-02 13:21:37,157 - INFO - Alert triggered: MEDIUM SEVERITY: Unusual activity detected for user charlie
2026-02-02 13:21:37,158 - INFO - Alert triggered: MEDIUM SEVERITY: Unusual activity detected for user eve
2026-02-02 13:21:37,160 - INFO - Alert triggered: MEDIUM SEVERITY: Unusual activity detected for user eve
2026-02-02 13:21:37,161 - INFO - Alert triggered: MEDIUM SEVERITY: Unusual activity detected for user bob
2026-02-02 13:21:37,162 - INFO - Alert triggered: MEDIUM SEVERITY: Unusual activity detected for user bob
2026-02-02 13:21:37,163 - INFO - Alert triggered: MEDIUM SEVERITY: Unusual activity detected for user bob
2026-02-02 13:21:37,165 - INFO - Alert triggered: MEDIUM SEVERITY: Unusual activity detected for user bob
2026-02-02 13:21:37,166 - INFO - Alert triggered: MEDIUM SEVERITY: Unusual activity detected for user bob
2026-02-02 13:21:37,167 - INFO - Alert triggered: MEDIUM SEVERITY: Unusual activity detected for user bob
2026-02-02 13:21:37,168 - INFO - Alert triggered: MEDIUM SEVERITY: Unusual activity detected for user bob
2026-02-02 13:21:37,170 - INFO - Alert triggered: MEDIUM SEVERITY: Unusual activity detected for user bob
2026-02-02 13:21:37,171 - INFO - Alert triggered: MEDIUM SEVERITY: Unusual activity detected for user bob
2026-02-02 13:21:37,172 - INFO - Alert triggered: MEDIUM SEVERITY: Unusual activity detected for user bob
2026-02-02 13:21:37,173 - INFO - Alert triggered: MEDIUM SEVERITY: Unusual activity detected for user bob
2026-02-02 13:21:37,174 - INFO - Alert triggered: MEDIUM SEVERITY: Unusual activity detected for user bob
2026-02-02 13:21:37,176 - INFO - Alert triggered: MEDIUM SEVERITY: Unusual activity detected for user bob
2026-02-02 13:21:37,177 - INFO - Alert triggered: MEDIUM SEVERITY: Unusual activity detected for user bob
2026-02-02 13:21:37,178 - INFO - Alert triggered: MEDIUM SEVERITY: Unusual activity detected for user bob
2026-02-02 13:21:37,179 - INFO - Alert triggered: MEDIUM SEVERITY: Unusual activity detected for user bob
2026-02-02 13:21:37,180 - INFO - Alert triggered: MEDIUM SEVERITY: Unusual activity detected for user diana
2026-02-02 13:21:37,182 - INFO - Alert triggered: MEDIUM SEVERITY: Unusual activity detected for user diana
2026-02-02 13:21:37,183 - INFO - Alert triggered: MEDIUM SEVERITY: Unusual activity detected for user diana
2026-02-02 13:21:37,184 - INFO - Alert triggered: MEDIUM SEVERITY: Unusual activity detected for user diana
2026-02-02 13:21:37,185 - INFO - Alert triggered: MEDIUM SEVERITY: Unusual activity detected for user diana
2026-02-02 13:21:37,186 - INFO - Alert triggered: MEDIUM SEVERITY: Unusual activity detected for user diana
2026-02-02 13:21:37,187 - INFO - Alert triggered: MEDIUM SEVERITY: Unusual activity detected for user diana
2026-02-02 13:21:37,189 - INFO - Alert triggered: MEDIUM SEVERITY: Unusual activity detected for user diana
2026-02-02 13:21:37,190 - INFO - Alert triggered: MEDIUM SEVERITY: Unusual activity detected for user diana
2026-02-02 13:21:37,191 - INFO - Alert triggered: MEDIUM SEVERITY: Unusual activity detected for user diana
2026-02-02 13:21:37,192 - INFO - Alert triggered: MEDIUM SEVERITY: Unusual activity detected for user diana
2026-02-02 13:21:37,193 - INFO - Alert triggered: MEDIUM SEVERITY: Unusual activity detected for user diana
2026-02-02 13:21:37,194 - INFO - Alert triggered: MEDIUM SEVERITY: Unusual activity detected for user diana
2026-02-02 13:21:37,196 - INFO - Alert triggered: MEDIUM SEVERITY: Unusual activity detected for user diana
2026-02-02 13:21:37,197 - INFO - Alert triggered: MEDIUM SEVERITY: Unusual activity detected for user diana
2026-02-02 13:21:37,198 - INFO - Alert triggered: MEDIUM SEVERITY: Unusual activity detected for user eve
2026-02-02 13:21:37,199 - INFO - Alert triggered: MEDIUM SEVERITY: Unusual activity detected for user diana
2026-02-02 13:21:37,200 - INFO - Alert triggered: MEDIUM SEVERITY: Unusual activity detected for user diana
2026-02-02 13:21:37,201 - INFO - Alert triggered: MEDIUM SEVERITY: Unusual activity detected for user alice
2026-02-02 13:22:03,952 - INFO - Alert triggered: MEDIUM SEVERITY: Unusual activity detected for user invalid
2026-02-02 13:22:03,954 - INFO - Alert triggered: MEDIUM SEVERITY: Unusual activity detected for user admin
2026-02-02 13:22:03,955 - INFO - Alert triggered: MEDIUM SEVERITY: Unusual activity detected for user bob
2026-02-02 13:22:03,957 - INFO - Alert triggered: MEDIUM SEVERITY: Unusual activity detected for user user
2026-02-02 13:22:03,958 - INFO - Alert triggered: MEDIUM SEVERITY: Unusual activity detected for user bob
2026-02-02 13:22:03,959 - INFO - Alert triggered: MEDIUM SEVERITY: Unusual activity detected for user invalid
